This file contains any messages produced by compilers while
running configure, to aid debugging if configure makes a mistake.

It was created by audiofile configure 0.3.6, which was
generated by GNU Autoconf 2.69.  Invocation command line was

  $ ./configure 

## --------- ##
## Platform. ##
## --------- ##

hostname = DeepBlue
uname -m = x86_64
uname -r = 3.8.0-19-generic
uname -s = Linux
uname -v = #29-Ubuntu SMP Wed Apr 17 18:16:28 UTC 2013

/usr/bin/uname -p = unknown
/bin/uname -X     = unknown

/bin/arch              = unknown
/usr/bin/arch -k       = unknown
/usr/convex/getsysinfo = unknown
/usr/bin/hostinfo      = unknown
/bin/machine           = unknown
/usr/bin/oslevel       = unknown
/bin/universe          = unknown

PATH: /usr/local/sbin
PATH: /usr/local/bin
PATH: /usr/sbin
PATH: /usr/bin
PATH: /sbin
PATH: /bin


## ----------- ##
## Core tests. ##
## ----------- ##

configure:2483: checking for a BSD-compatible install
configure:2551: result: /usr/bin/install -c
configure:2562: checking whether build environment is sane
configure:2612: result: yes
configure:2753: checking for a thread-safe mkdir -p
configure:2792: result: /bin/mkdir -p
configure:2805: checking for gawk
configure:2821: found /usr/bin/gawk
configure:2832: result: gawk
configure:2843: checking whether make sets $(MAKE)
configure:2865: result: yes
configure:2960: checking for style of include used by make
configure:2988: result: GNU
configure:3059: checking for gcc
configure:3075: found /usr/bin/gcc
configure:3086: result: gcc
configure:3315: checking for C compiler version
configure:3324: gcc --version >&5
gcc (Ubuntu/Linaro 4.7.3-1ubuntu1) 4.7.3
Copyright (C) 2012 Free Software Foundation, Inc.
This is free software; see the source for copying conditions.  There is NO
warranty; not even for MERCHANTABILITY or FITNESS FOR A PARTICULAR PURPOSE.

configure:3335: $? = 0
configure:3324: gcc -v >&5
Using built-in specs.
COLLECT_GCC=gcc
COLLECT_LTO_WRAPPER=/usr/lib/gcc/x86_64-linux-gnu/4.7/lto-wrapper
Target: x86_64-linux-gnu
Configured with: ../src/configure -v --with-pkgversion='Ubuntu/Linaro 4.7.3-1ubuntu1' --with-bugurl=file:///usr/share/doc/gcc-4.7/README.Bugs --enable-languages=c,c++,go,fortran,objc,obj-c++ --prefix=/usr --program-suffix=-4.7 --enable-shared --enable-linker-build-id --libexecdir=/usr/lib --without-included-gettext --enable-threads=posix --with-gxx-include-dir=/usr/include/c++/4.7 --libdir=/usr/lib --enable-nls --with-sysroot=/ --enable-clocale=gnu --enable-libstdcxx-debug --enable-libstdcxx-time=yes --enable-gnu-unique-object --enable-plugin --with-system-zlib --enable-objc-gc --with-cloog --enable-cloog-backend=ppl --disable-cloog-version-check --disable-ppl-version-check --enable-multiarch --disable-werror --with-arch-32=i686 --with-abi=m64 --with-multilib-list=m32,m64,mx32 --with-tune=generic --enable-checking=release --build=x86_64-linux-gnu --host=x86_64-linux-gnu --target=x86_64-linux-gnu
Thread model: posix
gcc version 4.7.3 (Ubuntu/Linaro 4.7.3-1ubuntu1) 
configure:3335: $? = 0
configure:3324: gcc -V >&5
gcc: error: unrecognized command line option '-V'
gcc: fatal error: no input files
compilation terminated.
configure:3335: $? = 4
configure:3324: gcc -qversion >&5
gcc: error: unrecognized command line option '-qversion'
gcc: fatal error: no input files
compilation terminated.
configure:3335: $? = 4
configure:3355: checking whether the C compiler works
configure:3377: gcc    conftest.c  >&5
configure:3381: $? = 0
configure:3429: result: yes
configure:3432: checking for C compiler default output file name
configure:3434: result: a.out
configure:3440: checking for suffix of executables
configure:3447: gcc -o conftest    conftest.c  >&5
configure:3451: $? = 0
configure:3473: result: 
configure:3495: checking whether we are cross compiling
configure:3503: gcc -o conftest    conftest.c  >&5
configure:3507: $? = 0
configure:3514: ./conftest
configure:3518: $? = 0
configure:3533: result: no
configure:3538: checking for suffix of object files
configure:3560: gcc -c   conftest.c >&5
configure:3564: $? = 0
configure:3585: result: o
configure:3589: checking whether we are using the GNU C compiler
configure:3608: gcc -c   conftest.c >&5
configure:3608: $? = 0
configure:3617: result: yes
configure:3626: checking whether gcc accepts -g
configure:3646: gcc -c -g  conftest.c >&5
configure:3646: $? = 0
configure:3687: result: yes
configure:3704: checking for gcc option to accept ISO C89
configure:3767: gcc  -c -g -O2  conftest.c >&5
configure:3767: $? = 0
configure:3780: result: none needed
configure:3802: checking dependency style of gcc
configure:3913: result: gcc3
configure:3928: checking for gcc option to accept ISO C99
configure:4077: gcc  -c -g -O2  conftest.c >&5
conftest.c:61:29: error: expected ';', ',' or ')' before 'text'
conftest.c: In function 'main':
conftest.c:115:18: error: expected '=', ',', ';', 'asm' or '__attribute__' before 'newvar'
conftest.c:115:18: error: 'newvar' undeclared (first use in this function)
conftest.c:115:18: note: each undeclared identifier is reported only once for each function it appears in
conftest.c:125:3: error: 'for' loop initial declarations are only allowed in C99 mode
conftest.c:125:3: note: use option -std=c99 or -std=gnu99 to compile your code
configure:4077: $? = 1
configure: failed program was:
| /* confdefs.h */
| #define PACKAGE_NAME "audiofile"
| #define PACKAGE_TARNAME "audiofile"
| #define PACKAGE_VERSION "0.3.6"
| #define PACKAGE_STRING "audiofile 0.3.6"
| #define PACKAGE_BUGREPORT ""
| #define PACKAGE_URL ""
| #define PACKAGE "audiofile"
| #define VERSION "0.3.6"
| /* end confdefs.h.  */
| #include <stdarg.h>
| #include <stdbool.h>
| #include <stdlib.h>
| #include <wchar.h>
| #include <stdio.h>
| 
| // Check varargs macros.  These examples are taken from C99 6.10.3.5.
| #define debug(...) fprintf (stderr, __VA_ARGS__)
| #define showlist(...) puts (#__VA_ARGS__)
| #define report(test,...) ((test) ? puts (#test) : printf (__VA_ARGS__))
| static void
| test_varargs_macros (void)
| {
|   int x = 1234;
|   int y = 5678;
|   debug ("Flag");
|   debug ("X = %d\n", x);
|   showlist (The first, second, and third items.);
|   report (x>y, "x is %d but y is %d", x, y);
| }
| 
| // Check long long types.
| #define BIG64 18446744073709551615ull
| #define BIG32 4294967295ul
| #define BIG_OK (BIG64 / BIG32 == 4294967297ull && BIG64 % BIG32 == 0)
| #if !BIG_OK
|   your preprocessor is broken;
| #endif
| #if BIG_OK
| #else
|   your preprocessor is broken;
| #endif
| static long long int bignum = -9223372036854775807LL;
| static unsigned long long int ubignum = BIG64;
| 
| struct incomplete_array
| {
|   int datasize;
|   double data[];
| };
| 
| struct named_init {
|   int number;
|   const wchar_t *name;
|   double average;
| };
| 
| typedef const char *ccp;
| 
| static inline int
| test_restrict (ccp restrict text)
| {
|   // See if C++-style comments work.
|   // Iterate through items via the restricted pointer.
|   // Also check for declarations in for loops.
|   for (unsigned int i = 0; *(text+i) != '\0'; ++i)
|     continue;
|   return 0;
| }
| 
| // Check varargs and va_copy.
| static void
| test_varargs (const char *format, ...)
| {
|   va_list args;
|   va_start (args, format);
|   va_list args_copy;
|   va_copy (args_copy, args);
| 
|   const char *str;
|   int number;
|   float fnumber;
| 
|   while (*format)
|     {
|       switch (*format++)
| 	{
| 	case 's': // string
| 	  str = va_arg (args_copy, const char *);
| 	  break;
| 	case 'd': // int
| 	  number = va_arg (args_copy, int);
| 	  break;
| 	case 'f': // float
| 	  fnumber = va_arg (args_copy, double);
| 	  break;
| 	default:
| 	  break;
| 	}
|     }
|   va_end (args_copy);
|   va_end (args);
| }
| 
| int
| main ()
| {
| 
|   // Check bool.
|   _Bool success = false;
| 
|   // Check restrict.
|   if (test_restrict ("String literal") == 0)
|     success = true;
|   char *restrict newvar = "Another string";
| 
|   // Check varargs.
|   test_varargs ("s, d' f .", "string", 65, 34.234);
|   test_varargs_macros ();
| 
|   // Check flexible array members.
|   struct incomplete_array *ia =
|     malloc (sizeof (struct incomplete_array) + (sizeof (double) * 10));
|   ia->datasize = 10;
|   for (int i = 0; i < ia->datasize; ++i)
|     ia->data[i] = i * 1.234;
| 
|   // Check named initializers.
|   struct named_init ni = {
|     .number = 34,
|     .name = L"Test wide string",
|     .average = 543.34343,
|   };
| 
|   ni.number = 58;
| 
|   int dynamic_array[ni.number];
|   dynamic_array[ni.number - 1] = 543;
| 
|   // work around unused variable warnings
|   return (!success || bignum == 0LL || ubignum == 0uLL || newvar[0] == 'x'
| 	  || dynamic_array[ni.number - 1] != 543);
| 
|   ;
|   return 0;
| }
configure:4077: gcc -std=gnu99 -c -g -O2  conftest.c >&5
configure:4077: $? = 0
configure:4097: result: -std=gnu99
configure:4163: checking for g++
configure:4179: found /usr/bin/g++
configure:4190: result: g++
configure:4217: checking for C++ compiler version
configure:4226: g++ --version >&5
g++ (Ubuntu/Linaro 4.7.3-1ubuntu1) 4.7.3
Copyright (C) 2012 Free Software Foundation, Inc.
This is free software; see the source for copying conditions.  There is NO
warranty; not even for MERCHANTABILITY or FITNESS FOR A PARTICULAR PURPOSE.

configure:4237: $? = 0
configure:4226: g++ -v >&5
Using built-in specs.
COLLECT_GCC=g++
COLLECT_LTO_WRAPPER=/usr/lib/gcc/x86_64-linux-gnu/4.7/lto-wrapper
Target: x86_64-linux-gnu
Configured with: ../src/configure -v --with-pkgversion='Ubuntu/Linaro 4.7.3-1ubuntu1' --with-bugurl=file:///usr/share/doc/gcc-4.7/README.Bugs --enable-languages=c,c++,go,fortran,objc,obj-c++ --prefix=/usr --program-suffix=-4.7 --enable-shared --enable-linker-build-id --libexecdir=/usr/lib --without-included-gettext --enable-threads=posix --with-gxx-include-dir=/usr/include/c++/4.7 --libdir=/usr/lib --enable-nls --with-sysroot=/ --enable-clocale=gnu --enable-libstdcxx-debug --enable-libstdcxx-time=yes --enable-gnu-unique-object --enable-plugin --with-system-zlib --enable-objc-gc --with-cloog --enable-cloog-backend=ppl --disable-cloog-version-check --disable-ppl-version-check --enable-multiarch --disable-werror --with-arch-32=i686 --with-abi=m64 --with-multilib-list=m32,m64,mx32 --with-tune=generic --enable-checking=release --build=x86_64-linux-gnu --host=x86_64-linux-gnu --target=x86_64-linux-gnu
Thread model: posix
gcc version 4.7.3 (Ubuntu/Linaro 4.7.3-1ubuntu1) 
configure:4237: $? = 0
configure:4226: g++ -V >&5
g++: error: unrecognized command line option '-V'
g++: fatal error: no input files
compilation terminated.
configure:4237: $? = 4
configure:4226: g++ -qversion >&5
g++: error: unrecognized command line option '-qversion'
g++: fatal error: no input files
compilation terminated.
configure:4237: $? = 4
configure:4241: checking whether we are using the GNU C++ compiler
configure:4260: g++ -c   conftest.cpp >&5
configure:4260: $? = 0
configure:4269: result: yes
configure:4278: checking whether g++ accepts -g
configure:4298: g++ -c -g  conftest.cpp >&5
configure:4298: $? = 0
configure:4339: result: yes
configure:4364: checking dependency style of g++
configure:4475: result: gcc3
configure:4520: checking build system type
configure:4534: result: x86_64-unknown-linux-gnu
configure:4554: checking host system type
configure:4567: result: x86_64-unknown-linux-gnu
configure:4608: checking how to print strings
configure:4635: result: printf
configure:4656: checking for a sed that does not truncate output
configure:4720: result: /bin/sed
configure:4738: checking for grep that handles long lines and -e
configure:4796: result: /bin/grep
configure:4801: checking for egrep
configure:4863: result: /bin/grep -E
configure:4868: checking for fgrep
configure:4930: result: /bin/grep -F
configure:4965: checking for ld used by gcc -std=gnu99
configure:5032: result: /usr/bin/ld
configure:5039: checking if the linker (/usr/bin/ld) is GNU ld
configure:5054: result: yes
configure:5066: checking for BSD- or MS-compatible name lister (nm)
configure:5115: result: /usr/bin/nm -B
configure:5245: checking the name lister (/usr/bin/nm -B) interface
configure:5252: gcc -std=gnu99 -c -g -O2  conftest.c >&5
configure:5255: /usr/bin/nm -B "conftest.o"
configure:5258: output
0000000000000000 B some_variable
configure:5265: result: BSD nm
configure:5268: checking whether ln -s works
configure:5272: result: yes
configure:5280: checking the maximum length of command line arguments
configure:5410: result: 1572864
configure:5427: checking whether the shell understands some XSI constructs
configure:5437: result: yes
configure:5441: checking whether the shell understands "+="
configure:5447: result: yes
configure:5482: checking how to convert x86_64-unknown-linux-gnu file names to x86_64-unknown-linux-gnu format
configure:5522: result: func_convert_file_noop
configure:5529: checking how to convert x86_64-unknown-linux-gnu file names to toolchain format
configure:5549: result: func_convert_file_noop
configure:5556: checking for /usr/bin/ld option to reload object files
configure:5563: result: -r
configure:5637: checking for objdump
configure:5653: found /usr/bin/objdump
configure:5664: result: objdump
configure:5696: checking how to recognize dependent libraries
configure:5898: result: pass_all
configure:5983: checking for dlltool
configure:6013: result: no
configure:6043: checking how to associate runtime and link libraries
configure:6070: result: printf %s\n
configure:6131: checking for ar
configure:6147: found /usr/bin/ar
configure:6158: result: ar
configure:6195: checking for archiver @FILE support
configure:6212: gcc -std=gnu99 -c -g -O2  conftest.c >&5
configure:6212: $? = 0
configure:6215: ar cru libconftest.a @conftest.lst >&5
configure:6218: $? = 0
configure:6223: ar cru libconftest.a @conftest.lst >&5
ar: conftest.o: No such file or directory
configure:6226: $? = 1
configure:6238: result: @
configure:6296: checking for strip
configure:6312: found /usr/bin/strip
configure:6323: result: strip
configure:6395: checking for ranlib
configure:6411: found /usr/bin/ranlib
configure:6422: result: ranlib
configure:6524: checking command to parse /usr/bin/nm -B output from gcc -std=gnu99 object
configure:6644: gcc -std=gnu99 -c -g -O2  conftest.c >&5
configure:6647: $? = 0
configure:6651: /usr/bin/nm -B conftest.o \| sed -n -e 's/^.*[ ]\([ABCDGIRSTW][ABCDGIRSTW]*\)[ ][ ]*\([_A-Za-z][_A-Za-z0-9]*\)$/\1 \2 \2/p' | sed '/ __gnu_lto/d' \> conftest.nm
configure:6654: $? = 0
configure:6720: gcc -std=gnu99 -o conftest -g -O2   conftest.c conftstm.o >&5
configure:6723: $? = 0
configure:6761: result: ok
configure:6798: checking for sysroot
configure:6828: result: no
configure:6905: gcc -std=gnu99 -c -g -O2  conftest.c >&5
configure:6908: $? = 0
configure:7084: checking for mt
configure:7100: found /bin/mt
configure:7111: result: mt
configure:7134: checking if mt is a manifest tool
configure:7140: mt '-?'
configure:7148: result: no
configure:7790: checking how to run the C preprocessor
configure:7821: gcc -std=gnu99 -E  conftest.c
configure:7821: $? = 0
configure:7835: gcc -std=gnu99 -E  conftest.c
conftest.c:11:28: fatal error: ac_nonexistent.h: No such file or directory
compilation terminated.
configure:7835: $? = 1
configure: failed program was:
| /* confdefs.h */
| #define PACKAGE_NAME "audiofile"
| #define PACKAGE_TARNAME "audiofile"
| #define PACKAGE_VERSION "0.3.6"
| #define PACKAGE_STRING "audiofile 0.3.6"
| #define PACKAGE_BUGREPORT ""
| #define PACKAGE_URL ""
| #define PACKAGE "audiofile"
| #define VERSION "0.3.6"
| /* end confdefs.h.  */
| #include <ac_nonexistent.h>
configure:7860: result: gcc -std=gnu99 -E
configure:7880: gcc -std=gnu99 -E  conftest.c
configure:7880: $? = 0
configure:7894: gcc -std=gnu99 -E  conftest.c
conftest.c:11:28: fatal error: ac_nonexistent.h: No such file or directory
compilation terminated.
configure:7894: $? = 1
configure: failed program was:
| /* confdefs.h */
| #define PACKAGE_NAME "audiofile"
| #define PACKAGE_TARNAME "audiofile"
| #define PACKAGE_VERSION "0.3.6"
| #define PACKAGE_STRING "audiofile 0.3.6"
| #define PACKAGE_BUGREPORT ""
| #define PACKAGE_URL ""
| #define PACKAGE "audiofile"
| #define VERSION "0.3.6"
| /* end confdefs.h.  */
| #include <ac_nonexistent.h>
configure:7923: checking for ANSI C header files
configure:7943: gcc -std=gnu99 -c -g -O2  conftest.c >&5
configure:7943: $? = 0
configure:8016: gcc -std=gnu99 -o conftest -g -O2   conftest.c  >&5
configure:8016: $? = 0
configure:8016: ./conftest
configure:8016: $? = 0
configure:8027: result: yes
configure:8040: checking for sys/types.h
configure:8040: gcc -std=gnu99 -c -g -O2  conftest.c >&5
configure:8040: $? = 0
configure:8040: result: yes
configure:8040: checking for sys/stat.h
configure:8040: gcc -std=gnu99 -c -g -O2  conftest.c >&5
configure:8040: $? = 0
configure:8040: result: yes
configure:8040: checking for stdlib.h
configure:8040: gcc -std=gnu99 -c -g -O2  conftest.c >&5
configure:8040: $? = 0
configure:8040: result: yes
configure:8040: checking for string.h
configure:8040: gcc -std=gnu99 -c -g -O2  conftest.c >&5
configure:8040: $? = 0
configure:8040: result: yes
configure:8040: checking for memory.h
configure:8040: gcc -std=gnu99 -c -g -O2  conftest.c >&5
configure:8040: $? = 0
configure:8040: result: yes
configure:8040: checking for strings.h
configure:8040: gcc -std=gnu99 -c -g -O2  conftest.c >&5
configure:8040: $? = 0
configure:8040: result: yes
configure:8040: checking for inttypes.h
configure:8040: gcc -std=gnu99 -c -g -O2  conftest.c >&5
configure:8040: $? = 0
configure:8040: result: yes
configure:8040: checking for stdint.h
configure:8040: gcc -std=gnu99 -c -g -O2  conftest.c >&5
configure:8040: $? = 0
configure:8040: result: yes
configure:8040: checking for unistd.h
configure:8040: gcc -std=gnu99 -c -g -O2  conftest.c >&5
configure:8040: $? = 0
configure:8040: result: yes
configure:8054: checking for dlfcn.h
configure:8054: gcc -std=gnu99 -c -g -O2  conftest.c >&5
configure:8054: $? = 0
configure:8054: result: yes
configure:8271: checking for objdir
configure:8286: result: .libs
configure:8553: checking if gcc -std=gnu99 supports -fno-rtti -fno-exceptions
configure:8571: gcc -std=gnu99 -c -g -O2  -fno-rtti -fno-exceptions conftest.c >&5
cc1: warning: command line option '-fno-rtti' is valid for C++/ObjC++ but not for C [enabled by default]
configure:8575: $? = 0
configure:8588: result: no
configure:8915: checking for gcc -std=gnu99 option to produce PIC
configure:8922: result: -fPIC -DPIC
configure:8930: checking if gcc -std=gnu99 PIC flag -fPIC -DPIC works
configure:8948: gcc -std=gnu99 -c -g -O2  -fPIC -DPIC -DPIC conftest.c >&5
configure:8952: $? = 0
configure:8965: result: yes
configure:8994: checking if gcc -std=gnu99 static flag -static works
configure:9022: result: yes
configure:9037: checking if gcc -std=gnu99 supports -c -o file.o
configure:9058: gcc -std=gnu99 -c -g -O2  -o out/conftest2.o conftest.c >&5
configure:9062: $? = 0
configure:9084: result: yes
configure:9092: checking if gcc -std=gnu99 supports -c -o file.o
configure:9139: result: yes
configure:9172: checking whether the gcc -std=gnu99 linker (/usr/bin/ld -m elf_x86_64) supports shared libraries
configure:10329: result: yes
configure:10366: checking whether -lc should be explicitly linked in
configure:10374: gcc -std=gnu99 -c -g -O2  conftest.c >&5
configure:10377: $? = 0
configure:10392: gcc -std=gnu99 -shared  -fPIC -DPIC conftest.o  -v -Wl,-soname -Wl,conftest -o conftest 2\>\&1 \| /bin/grep  -lc  \>/dev/null 2\>\&1
configure:10395: $? = 0
configure:10409: result: no
configure:10569: checking dynamic linker characteristics
configure:11080: gcc -std=gnu99 -o conftest -g -O2   -Wl,-rpath -Wl,/foo conftest.c  >&5
configure:11080: $? = 0
configure:11314: result: GNU/Linux ld.so
configure:11421: checking how to hardcode library paths into programs
configure:11446: result: immediate
configure:11986: checking whether stripping libraries is possible
configure:11991: result: yes
configure:12026: checking if libtool supports shared libraries
configure:12028: result: yes
configure:12031: checking whether to build shared libraries
configure:12052: result: yes
configure:12055: checking whether to build static libraries
configure:12059: result: yes
configure:12082: checking how to run the C++ preprocessor
configure:12109: g++ -E  conftest.cpp
configure:12109: $? = 0
configure:12123: g++ -E  conftest.cpp
conftest.cpp:23:28: fatal error: ac_nonexistent.h: No such file or directory
compilation terminated.
configure:12123: $? = 1
configure: failed program was:
| /* confdefs.h */
| #define PACKAGE_NAME "audiofile"
| #define PACKAGE_TARNAME "audiofile"
| #define PACKAGE_VERSION "0.3.6"
| #define PACKAGE_STRING "audiofile 0.3.6"
| #define PACKAGE_BUGREPORT ""
| #define PACKAGE_URL ""
| #define PACKAGE "audiofile"
| #define VERSION "0.3.6"
| #define STDC_HEADERS 1
| #define HAVE_SYS_TYPES_H 1
| #define HAVE_SYS_STAT_H 1
| #define HAVE_STDLIB_H 1
| #define HAVE_STRING_H 1
| #define HAVE_MEMORY_H 1
| #define HAVE_STRINGS_H 1
| #define HAVE_INTTYPES_H 1
| #define HAVE_STDINT_H 1
| #define HAVE_UNISTD_H 1
| #define HAVE_DLFCN_H 1
| #define LT_OBJDIR ".libs/"
| /* end confdefs.h.  */
| #include <ac_nonexistent.h>
configure:12148: result: g++ -E
configure:12168: g++ -E  conftest.cpp
configure:12168: $? = 0
configure:12182: g++ -E  conftest.cpp
conftest.cpp:23:28: fatal error: ac_nonexistent.h: No such file or directory
compilation terminated.
configure:12182: $? = 1
configure: failed program was:
| /* confdefs.h */
| #define PACKAGE_NAME "audiofile"
| #define PACKAGE_TARNAME "audiofile"
| #define PACKAGE_VERSION "0.3.6"
| #define PACKAGE_STRING "audiofile 0.3.6"
| #define PACKAGE_BUGREPORT ""
| #define PACKAGE_URL ""
| #define PACKAGE "audiofile"
| #define VERSION "0.3.6"
| #define STDC_HEADERS 1
| #define HAVE_SYS_TYPES_H 1
| #define HAVE_SYS_STAT_H 1
| #define HAVE_STDLIB_H 1
| #define HAVE_STRING_H 1
| #define HAVE_MEMORY_H 1
| #define HAVE_STRINGS_H 1
| #define HAVE_INTTYPES_H 1
| #define HAVE_STDINT_H 1
| #define HAVE_UNISTD_H 1
| #define HAVE_DLFCN_H 1
| #define LT_OBJDIR ".libs/"
| /* end confdefs.h.  */
| #include <ac_nonexistent.h>
configure:12351: checking for ld used by g++
configure:12418: result: /usr/bin/ld -m elf_x86_64
configure:12425: checking if the linker (/usr/bin/ld -m elf_x86_64) is GNU ld
configure:12440: result: yes
configure:12495: checking whether the g++ linker (/usr/bin/ld -m elf_x86_64) supports shared libraries
configure:13500: result: yes
configure:13536: g++ -c -g -O2  conftest.cpp >&5
configure:13539: $? = 0
configure:14059: checking for g++ option to produce PIC
configure:14066: result: -fPIC -DPIC
configure:14074: checking if g++ PIC flag -fPIC -DPIC works
configure:14092: g++ -c -g -O2  -fPIC -DPIC -DPIC conftest.cpp >&5
configure:14096: $? = 0
configure:14109: result: yes
configure:14132: checking if g++ static flag -static works
configure:14160: result: yes
configure:14172: checking if g++ supports -c -o file.o
configure:14193: g++ -c -g -O2  -o out/conftest2.o conftest.cpp >&5
configure:14197: $? = 0
configure:14219: result: yes
configure:14224: checking if g++ supports -c -o file.o
configure:14271: result: yes
configure:14301: checking whether the g++ linker (/usr/bin/ld -m elf_x86_64) supports shared libraries
configure:14340: result: yes
configure:14481: checking dynamic linker characteristics
configure:15160: result: GNU/Linux ld.so
configure:15213: checking how to hardcode library paths into programs
configure:15238: result: immediate
configure:15300: checking for ANSI C header files
configure:15404: result: yes
configure:15415: checking fcntl.h usability
configure:15415: gcc -std=gnu99 -c -g -O2  conftest.c >&5
configure:15415: $? = 0
configure:15415: result: yes
configure:15415: checking fcntl.h presence
configure:15415: gcc -std=gnu99 -E  conftest.c
configure:15415: $? = 0
configure:15415: result: yes
configure:15415: checking for fcntl.h
configure:15415: result: yes
configure:15415: checking for unistd.h
configure:15415: result: yes
configure:15426: checking for an ANSI C-conforming const
configure:15492: gcc -std=gnu99 -c -g -O2  conftest.c >&5
configure:15492: $? = 0
configure:15499: result: yes
configure:15507: checking whether byte ordering is bigendian
configure:15522: gcc -std=gnu99 -c -g -O2  conftest.c >&5
conftest.c:27:9: error: unknown type name 'not'
conftest.c:27:15: error: expected '=', ',', ';', 'asm' or '__attribute__' before 'universal'
conftest.c:27:15: error: unknown type name 'universal'
configure:15522: $? = 1
configure: failed program was:
| /* confdefs.h */
| #define PACKAGE_NAME "audiofile"
| #define PACKAGE_TARNAME "audiofile"
| #define PACKAGE_VERSION "0.3.6"
| #define PACKAGE_STRING "audiofile 0.3.6"
| #define PACKAGE_BUGREPORT ""
| #define PACKAGE_URL ""
| #define PACKAGE "audiofile"
| #define VERSION "0.3.6"
| #define STDC_HEADERS 1
| #define HAVE_SYS_TYPES_H 1
| #define HAVE_SYS_STAT_H 1
| #define HAVE_STDLIB_H 1
| #define HAVE_STRING_H 1
| #define HAVE_MEMORY_H 1
| #define HAVE_STRINGS_H 1
| #define HAVE_INTTYPES_H 1
| #define HAVE_STDINT_H 1
| #define HAVE_UNISTD_H 1
| #define HAVE_DLFCN_H 1
| #define LT_OBJDIR ".libs/"
| #define STDC_HEADERS 1
| #define HAVE_FCNTL_H 1
| #define HAVE_UNISTD_H 1
| /* end confdefs.h.  */
| #ifndef __APPLE_CC__
| 	       not a universal capable compiler
| 	     #endif
| 	     typedef int dummy;
| 
configure:15567: gcc -std=gnu99 -c -g -O2  conftest.c >&5
configure:15567: $? = 0
configure:15585: gcc -std=gnu99 -c -g -O2  conftest.c >&5
conftest.c: In function 'main':
conftest.c:33:4: error: unknown type name 'not'
conftest.c:33:12: error: expected '=', ',', ';', 'asm' or '__attribute__' before 'endian'
configure:15585: $? = 1
configure: failed program was:
| /* confdefs.h */
| #define PACKAGE_NAME "audiofile"
| #define PACKAGE_TARNAME "audiofile"
| #define PACKAGE_VERSION "0.3.6"
| #define PACKAGE_STRING "audiofile 0.3.6"
| #define PACKAGE_BUGREPORT ""
| #define PACKAGE_URL ""
| #define PACKAGE "audiofile"
| #define VERSION "0.3.6"
| #define STDC_HEADERS 1
| #define HAVE_SYS_TYPES_H 1
| #define HAVE_SYS_STAT_H 1
| #define HAVE_STDLIB_H 1
| #define HAVE_STRING_H 1
| #define HAVE_MEMORY_H 1
| #define HAVE_STRINGS_H 1
| #define HAVE_INTTYPES_H 1
| #define HAVE_STDINT_H 1
| #define HAVE_UNISTD_H 1
| #define HAVE_DLFCN_H 1
| #define LT_OBJDIR ".libs/"
| #define STDC_HEADERS 1
| #define HAVE_FCNTL_H 1
| #define HAVE_UNISTD_H 1
| /* end confdefs.h.  */
| #include <sys/types.h>
| 		#include <sys/param.h>
| 
| int
| main ()
| {
| #if BYTE_ORDER != BIG_ENDIAN
| 		 not big endian
| 		#endif
| 
|   ;
|   return 0;
| }
configure:15713: result: no
configure:15739: checking for special C compiler options needed for large files
configure:15784: result: no
configure:15790: checking for _FILE_OFFSET_BITS value needed for large files
configure:15815: gcc -std=gnu99 -c -g -O2  conftest.c >&5
configure:15815: $? = 0
configure:15847: result: no
configure:15932: checking for off_t
configure:15932: gcc -std=gnu99 -c -g -O2  conftest.c >&5
configure:15932: $? = 0
configure:15932: gcc -std=gnu99 -c -g -O2  conftest.c >&5
conftest.c: In function 'main':
conftest.c:62:20: error: expected expression before ')' token
configure:15932: $? = 1
configure: failed program was:
| /* confdefs.h */
| #define PACKAGE_NAME "audiofile"
| #define PACKAGE_TARNAME "audiofile"
| #define PACKAGE_VERSION "0.3.6"
| #define PACKAGE_STRING "audiofile 0.3.6"
| #define PACKAGE_BUGREPORT ""
| #define PACKAGE_URL ""
| #define PACKAGE "audiofile"
| #define VERSION "0.3.6"
| #define STDC_HEADERS 1
| #define HAVE_SYS_TYPES_H 1
| #define HAVE_SYS_STAT_H 1
| #define HAVE_STDLIB_H 1
| #define HAVE_STRING_H 1
| #define HAVE_MEMORY_H 1
| #define HAVE_STRINGS_H 1
| #define HAVE_INTTYPES_H 1
| #define HAVE_STDINT_H 1
| #define HAVE_UNISTD_H 1
| #define HAVE_DLFCN_H 1
| #define LT_OBJDIR ".libs/"
| #define STDC_HEADERS 1
| #define HAVE_FCNTL_H 1
| #define HAVE_UNISTD_H 1
| /* end confdefs.h.  */
| #include <stdio.h>
| #ifdef HAVE_SYS_TYPES_H
| # include <sys/types.h>
| #endif
| #ifdef HAVE_SYS_STAT_H
| # include <sys/stat.h>
| #endif
| #ifdef STDC_HEADERS
| # include <stdlib.h>
| # include <stddef.h>
| #else
| # ifdef HAVE_STDLIB_H
| #  include <stdlib.h>
| # endif
| #endif
| #ifdef HAVE_STRING_H
| # if !defined STDC_HEADERS && defined HAVE_MEMORY_H
| #  include <memory.h>
| # endif
| # include <string.h>
| #endif
| #ifdef HAVE_STRINGS_H
| # include <strings.h>
| #endif
| #ifdef HAVE_INTTYPES_H
| # include <inttypes.h>
| #endif
| #ifdef HAVE_STDINT_H
| # include <stdint.h>
| #endif
| #ifdef HAVE_UNISTD_H
| # include <unistd.h>
| #endif
| int
| main ()
| {
| if (sizeof ((off_t)))
| 	    return 0;
|   ;
|   return 0;
| }
configure:15932: result: yes
configure:15943: checking for size_t
configure:15943: gcc -std=gnu99 -c -g -O2  conftest.c >&5
configure:15943: $? = 0
configure:15943: gcc -std=gnu99 -c -g -O2  conftest.c >&5
conftest.c: In function 'main':
conftest.c:62:21: error: expected expression before ')' token
configure:15943: $? = 1
configure: failed program was:
| /* confdefs.h */
| #define PACKAGE_NAME "audiofile"
| #define PACKAGE_TARNAME "audiofile"
| #define PACKAGE_VERSION "0.3.6"
| #define PACKAGE_STRING "audiofile 0.3.6"
| #define PACKAGE_BUGREPORT ""
| #define PACKAGE_URL ""
| #define PACKAGE "audiofile"
| #define VERSION "0.3.6"
| #define STDC_HEADERS 1
| #define HAVE_SYS_TYPES_H 1
| #define HAVE_SYS_STAT_H 1
| #define HAVE_STDLIB_H 1
| #define HAVE_STRING_H 1
| #define HAVE_MEMORY_H 1
| #define HAVE_STRINGS_H 1
| #define HAVE_INTTYPES_H 1
| #define HAVE_STDINT_H 1
| #define HAVE_UNISTD_H 1
| #define HAVE_DLFCN_H 1
| #define LT_OBJDIR ".libs/"
| #define STDC_HEADERS 1
| #define HAVE_FCNTL_H 1
| #define HAVE_UNISTD_H 1
| /* end confdefs.h.  */
| #include <stdio.h>
| #ifdef HAVE_SYS_TYPES_H
| # include <sys/types.h>
| #endif
| #ifdef HAVE_SYS_STAT_H
| # include <sys/stat.h>
| #endif
| #ifdef STDC_HEADERS
| # include <stdlib.h>
| # include <stddef.h>
| #else
| # ifdef HAVE_STDLIB_H
| #  include <stdlib.h>
| # endif
| #endif
| #ifdef HAVE_STRING_H
| # if !defined STDC_HEADERS && defined HAVE_MEMORY_H
| #  include <memory.h>
| # endif
| # include <string.h>
| #endif
| #ifdef HAVE_STRINGS_H
| # include <strings.h>
| #endif
| #ifdef HAVE_INTTYPES_H
| # include <inttypes.h>
| #endif
| #ifdef HAVE_STDINT_H
| # include <stdint.h>
| #endif
| #ifdef HAVE_UNISTD_H
| # include <unistd.h>
| #endif
| int
| main ()
| {
| if (sizeof ((size_t)))
| 	    return 0;
|   ;
|   return 0;
| }
configure:15943: result: yes
configure:15956: checking for platform specific tests to compile
configure:15974: result: linux
configure:16198: checking for a2x
configure:16229: result: :
configure:16239: checking for asciidoc
configure:16270: result: :
configure:16279: WARNING: Could not find a2x.
configure:16284: WARNING: Could not find asciidoc.
configure:16364: checking for pkg-config
configure:16382: found /usr/bin/pkg-config
configure:16394: result: /usr/bin/pkg-config
configure:16419: checking pkg-config is at least version 0.9.0
configure:16422: result: yes
configure:16438: checking for FLAC
configure:16445: $PKG_CONFIG --exists --print-errors "flac >= 1.2.1"
Package flac was not found in the pkg-config search path.
Perhaps you should add the directory containing `flac.pc'
to the PKG_CONFIG_PATH environment variable
No package 'flac' found
configure:16448: $? = 1
configure:16462: $PKG_CONFIG --exists --print-errors "flac >= 1.2.1"
Package flac was not found in the pkg-config search path.
Perhaps you should add the directory containing `flac.pc'
to the PKG_CONFIG_PATH environment variable
No package 'flac' found
configure:16465: $? = 1
configure:16479: result: no
No package 'flac' found
configure:16698: creating ./config.status

## ---------------------- ##
## Running config.status. ##
## ---------------------- ##

This file was extended by audiofile config.status 0.3.6, which was
generated by GNU Autoconf 2.69.  Invocation command line was

  CONFIG_FILES    = 
  CONFIG_HEADERS  = 
  CONFIG_LINKS    = 
  CONFIG_COMMANDS = 
  $ ./config.status 

on DeepBlue

config.status:1180: creating audiofile.spec
config.status:1180: creating audiofile.pc
config.status:1180: creating audiofile-uninstalled.pc
config.status:1180: creating sfcommands/Makefile
config.status:1180: creating test/Makefile
config.status:1180: creating gtest/Makefile
config.status:1180: creating examples/Makefile
config.status:1180: creating libaudiofile/Makefile
config.status:1180: creating libaudiofile/alac/Makefile
config.status:1180: creating libaudiofile/modules/Makefile
config.status:1180: creating docs/Makefile
config.status:1180: creating Makefile
config.status:1180: creating config.h
config.status:1409: executing depfiles commands
config.status:1409: executing libtool commands

## ---------------- ##
## Cache variables. ##
## ---------------- ##

ac_cv_build=x86_64-unknown-linux-gnu
ac_cv_c_bigendian=no
ac_cv_c_compiler_gnu=yes
ac_cv_c_const=yes
ac_cv_cxx_compiler_gnu=yes
ac_cv_env_CCC_set=
ac_cv_env_CCC_value=
ac_cv_env_CC_set=
ac_cv_env_CC_value=
ac_cv_env_CFLAGS_set=
ac_cv_env_CFLAGS_value=
ac_cv_env_CPPFLAGS_set=
ac_cv_env_CPPFLAGS_value=
ac_cv_env_CPP_set=
ac_cv_env_CPP_value=
ac_cv_env_CXXCPP_set=
ac_cv_env_CXXCPP_value=
ac_cv_env_CXXFLAGS_set=
ac_cv_env_CXXFLAGS_value=
ac_cv_env_CXX_set=
ac_cv_env_CXX_value=
ac_cv_env_FLAC_CFLAGS_set=
ac_cv_env_FLAC_CFLAGS_value=
ac_cv_env_FLAC_LIBS_set=
ac_cv_env_FLAC_LIBS_value=
ac_cv_env_LDFLAGS_set=
ac_cv_env_LDFLAGS_value=
ac_cv_env_LIBS_set=
ac_cv_env_LIBS_value=
ac_cv_env_PKG_CONFIG_LIBDIR_set=
ac_cv_env_PKG_CONFIG_LIBDIR_value=
ac_cv_env_PKG_CONFIG_PATH_set=
ac_cv_env_PKG_CONFIG_PATH_value=
ac_cv_env_PKG_CONFIG_set=
ac_cv_env_PKG_CONFIG_value=
ac_cv_env_build_alias_set=
ac_cv_env_build_alias_value=
ac_cv_env_host_alias_set=
ac_cv_env_host_alias_value=
ac_cv_env_target_alias_set=
ac_cv_env_target_alias_value=
ac_cv_flac=no
ac_cv_header_dlfcn_h=yes
ac_cv_header_fcntl_h=yes
ac_cv_header_inttypes_h=yes
ac_cv_header_memory_h=yes
ac_cv_header_stdc=yes
ac_cv_header_stdint_h=yes
ac_cv_header_stdlib_h=yes
ac_cv_header_string_h=yes
ac_cv_header_strings_h=yes
ac_cv_header_sys_stat_h=yes
ac_cv_header_sys_types_h=yes
ac_cv_header_unistd_h=yes
ac_cv_host=x86_64-unknown-linux-gnu
ac_cv_objext=o
ac_cv_path_A2X=:
ac_cv_path_ASCIIDOC=:
ac_cv_path_EGREP='/bin/grep -E'
ac_cv_path_FGREP='/bin/grep -F'
ac_cv_path_GREP=/bin/grep
ac_cv_path_SED=/bin/sed
ac_cv_path_ac_pt_PKG_CONFIG=/usr/bin/pkg-config
ac_cv_path_install='/usr/bin/install -c'
ac_cv_path_mkdir=/bin/mkdir
ac_cv_prog_AWK=gawk
ac_cv_prog_CPP='gcc -std=gnu99 -E'
ac_cv_prog_CXXCPP='g++ -E'
ac_cv_prog_ac_ct_AR=ar
ac_cv_prog_ac_ct_CC=gcc
ac_cv_prog_ac_ct_CXX=g++
ac_cv_prog_ac_ct_MANIFEST_TOOL=mt
ac_cv_prog_ac_ct_OBJDUMP=objdump
ac_cv_prog_ac_ct_RANLIB=ranlib
ac_cv_prog_ac_ct_STRIP=strip
ac_cv_prog_cc_c89=
ac_cv_prog_cc_c99=-std=gnu99
ac_cv_prog_cc_g=yes
ac_cv_prog_cxx_g=yes
ac_cv_prog_make_make_set=yes
ac_cv_sys_file_offset_bits=no
ac_cv_sys_largefile_CC=no
ac_cv_type_off_t=yes
ac_cv_type_size_t=yes
am_cv_CC_dependencies_compiler_type=gcc3
am_cv_CXX_dependencies_compiler_type=gcc3
lt_cv_ar_at_file=@
lt_cv_archive_cmds_need_lc=no
lt_cv_deplibs_check_method=pass_all
lt_cv_file_magic_cmd='$MAGIC_CMD'
lt_cv_file_magic_test_file=
lt_cv_ld_reload_flag=-r
lt_cv_nm_interface='BSD nm'
lt_cv_objdir=.libs
lt_cv_path_LD=/usr/bin/ld
lt_cv_path_LDCXX='/usr/bin/ld -m elf_x86_64'
lt_cv_path_NM='/usr/bin/nm -B'
lt_cv_path_mainfest_tool=no
lt_cv_prog_compiler_c_o=yes
lt_cv_prog_compiler_c_o_CXX=yes
lt_cv_prog_compiler_pic='-fPIC -DPIC'
lt_cv_prog_compiler_pic_CXX='-fPIC -DPIC'
lt_cv_prog_compiler_pic_works=yes
lt_cv_prog_compiler_pic_works_CXX=yes
lt_cv_prog_compiler_rtti_exceptions=no
lt_cv_prog_compiler_static_works=yes
lt_cv_prog_compiler_static_works_CXX=yes
lt_cv_prog_gnu_ld=yes
lt_cv_prog_gnu_ldcxx=yes
lt_cv_sharedlib_from_linklib_cmd='printf %s\n'
lt_cv_shlibpath_overrides_runpath=no
lt_cv_sys_global_symbol_pipe='sed -n -e '\''s/^.*[	 ]\([ABCDGIRSTW][ABCDGIRSTW]*\)[	 ][	 ]*\([_A-Za-z][_A-Za-z0-9]*\)$/\1 \2 \2/p'\'' | sed '\''/ __gnu_lto/d'\'''
lt_cv_sys_global_symbol_to_c_name_address='sed -n -e '\''s/^: \([^ ]*\)[ ]*$/  {\"\1\", (void *) 0},/p'\'' -e '\''s/^[ABCDGIRSTW]* \([^ ]*\) \([^ ]*\)$/  {"\2", (void *) \&\2},/p'\'''
lt_cv_sys_global_symbol_to_c_name_address_lib_prefix='sed -n -e '\''s/^: \([^ ]*\)[ ]*$/  {\"\1\", (void *) 0},/p'\'' -e '\''s/^[ABCDGIRSTW]* \([^ ]*\) \(lib[^ ]*\)$/  {"\2", (void *) \&\2},/p'\'' -e '\''s/^[ABCDGIRSTW]* \([^ ]*\) \([^ ]*\)$/  {"lib\2", (void *) \&\2},/p'\'''
lt_cv_sys_global_symbol_to_cdecl='sed -n -e '\''s/^T .* \(.*\)$/extern int \1();/p'\'' -e '\''s/^[ABCDGIRSTW]* .* \(.*\)$/extern char \1;/p'\'''
lt_cv_sys_max_cmd_len=1572864
lt_cv_to_host_file_cmd=func_convert_file_noop
lt_cv_to_tool_file_cmd=func_convert_file_noop

## ----------------- ##
## Output variables. ##
## ----------------- ##

A2X=':'
ACLOCAL='${SHELL} /home/faisal/Dropbox/CSC344/Lab1/audiofile-0.3.6/missing --run aclocal-1.11'
AMDEPBACKSLASH='\'
AMDEP_FALSE='#'
AMDEP_TRUE=''
AMTAR='$${TAR-tar}'
AR='ar'
ASCIIDOC=':'
AUDIOFILE_VERSION='0.3.6'
AUDIOFILE_VERSION_INFO='1:0:0'
AUTOCONF='${SHELL} /home/faisal/Dropbox/CSC344/Lab1/audiofile-0.3.6/missing --run autoconf'
AUTOHEADER='${SHELL} /home/faisal/Dropbox/CSC344/Lab1/audiofile-0.3.6/missing --run autoheader'
AUTOMAKE='${SHELL} /home/faisal/Dropbox/CSC344/Lab1/audiofile-0.3.6/missing --run automake-1.11'
AWK='gawk'
CC='gcc -std=gnu99'
CCDEPMODE='depmode=gcc3'
CFLAGS='-g -O2'
COVERAGE_CFLAGS=''
COVERAGE_LIBS=''
CPP='gcc -std=gnu99 -E'
CPPFLAGS=''
CXX='g++'
CXXCPP='g++ -E'
CXXDEPMODE='depmode=gcc3'
CXXFLAGS='-g -O2'
CYGPATH_W='echo'
DEFS='-DHAVE_CONFIG_H'
DEPDIR='.deps'
DLLTOOL='false'
DSYMUTIL=''
DUMPBIN=''
ECHO_C=''
ECHO_N='-n'
ECHO_T=''
EGREP='/bin/grep -E'
ENABLE_COVERAGE_FALSE=''
ENABLE_COVERAGE_TRUE='#'
ENABLE_DOCUMENTATION_FALSE='#'
ENABLE_DOCUMENTATION_TRUE=''
ENABLE_FLAC_FALSE=''
ENABLE_FLAC_TRUE='#'
ENABLE_VALGRIND_FALSE=''
ENABLE_VALGRIND_TRUE='#'
ENABLE_WERROR_FALSE=''
ENABLE_WERROR_TRUE='#'
EXEEXT=''
FGREP='/bin/grep -F'
FLAC_CFLAGS=''
FLAC_LIBS=''
GENHTML=''
GREP='/bin/grep'
INSTALL_DATA='${INSTALL} -m 644'
INSTALL_PROGRAM='${INSTALL}'
INSTALL_SCRIPT='${INSTALL}'
INSTALL_STRIP_PROGRAM='$(install_sh) -c -s'
LCOV=''
LD='/usr/bin/ld -m elf_x86_64'
LDFLAGS=''
LIBOBJS=''
LIBS=''
LIBTOOL='$(SHELL) $(top_builddir)/libtool'
LIPO=''
LN_S='ln -s'
LTLIBOBJS=''
MAKEINFO='${SHELL} /home/faisal/Dropbox/CSC344/Lab1/audiofile-0.3.6/missing --run makeinfo'
MANIFEST_TOOL=':'
MKDIR_P='/bin/mkdir -p'
NM='/usr/bin/nm -B'
NMEDIT=''
OBJDUMP='objdump'
OBJEXT='o'
OTOOL64=''
OTOOL=''
PACKAGE='audiofile'
PACKAGE_BUGREPORT=''
PACKAGE_NAME='audiofile'
PACKAGE_STRING='audiofile 0.3.6'
PACKAGE_TARNAME='audiofile'
PACKAGE_URL=''
PACKAGE_VERSION='0.3.6'
PATH_SEPARATOR=':'
PKG_CONFIG='/usr/bin/pkg-config'
PKG_CONFIG_LIBDIR=''
PKG_CONFIG_PATH=''
RANLIB='ranlib'
SED='/bin/sed'
SET_MAKE=''
SHELL='/bin/bash'
STRIP='strip'
TEST_BIN='linuxtest alsaplay'
VALGRIND=''
VERSION='0.3.6'
WERROR_CFLAGS=''
ac_ct_AR='ar'
ac_ct_CC='gcc'
ac_ct_CXX='g++'
ac_ct_DUMPBIN=''
am__EXEEXT_FALSE=''
am__EXEEXT_TRUE='#'
am__fastdepCC_FALSE='#'
am__fastdepCC_TRUE=''
am__fastdepCXX_FALSE='#'
am__fastdepCXX_TRUE=''
am__include='include'
am__isrc=''
am__leading_dot='.'
am__nodep='_no'
am__quote=''
am__tar='$${TAR-tar} chof - "$$tardir"'
am__untar='$${TAR-tar} xf -'
bindir='${exec_prefix}/bin'
build='x86_64-unknown-linux-gnu'
build_alias=''
build_cpu='x86_64'
build_os='linux-gnu'
build_vendor='unknown'
datadir='${datarootdir}'
datarootdir='${prefix}/share'
docdir='${datarootdir}/doc/${PACKAGE_TARNAME}'
dvidir='${docdir}'
exec_prefix='${prefix}'
host='x86_64-unknown-linux-gnu'
host_alias=''
host_cpu='x86_64'
host_os='linux-gnu'
host_vendor='unknown'
htmldir='${docdir}'
includedir='${prefix}/include'
infodir='${datarootdir}/info'
install_sh='${SHELL} /home/faisal/Dropbox/CSC344/Lab1/audiofile-0.3.6/install-sh'
libdir='${exec_prefix}/lib'
libexecdir='${exec_prefix}/libexec'
localedir='${datarootdir}/locale'
localstatedir='${prefix}/var'
mandir='${datarootdir}/man'
mkdir_p='/bin/mkdir -p'
oldincludedir='/usr/include'
pdfdir='${docdir}'
prefix='/usr/local'
program_transform_name='s,x,x,'
psdir='${docdir}'
sbindir='${exec_prefix}/sbin'
sharedstatedir='${prefix}/com'
sysconfdir='${prefix}/etc'
target_alias=''

## ----------- ##
## confdefs.h. ##
## ----------- ##

/* confdefs.h */
#define PACKAGE_NAME "audiofile"
#define PACKAGE_TARNAME "audiofile"
#define PACKAGE_VERSION "0.3.6"
#define PACKAGE_STRING "audiofile 0.3.6"
#define PACKAGE_BUGREPORT ""
#define PACKAGE_URL ""
#define PACKAGE "audiofile"
#define VERSION "0.3.6"
#define STDC_HEADERS 1
#define HAVE_SYS_TYPES_H 1
#define HAVE_SYS_STAT_H 1
#define HAVE_STDLIB_H 1
#define HAVE_STRING_H 1
#define HAVE_MEMORY_H 1
#define HAVE_STRINGS_H 1
#define HAVE_INTTYPES_H 1
#define HAVE_STDINT_H 1
#define HAVE_UNISTD_H 1
#define HAVE_DLFCN_H 1
#define LT_OBJDIR ".libs/"
#define STDC_HEADERS 1
#define HAVE_FCNTL_H 1
#define HAVE_UNISTD_H 1
#define ENABLE_FLAC 0

configure: exit 0
